<?xml version="1.0" encoding="UTF-8"?>
<!-- Generated by org.testng.reporters.JUnitReportReporter -->
<testsuite skipped="0" hostname="DESKTOP-QRKVD4S" name="APITests" tests="2" failures="0" timestamp="2021-12-21T10:37:53 AEDT" time="4.770" errors="0">
  <testcase name="test1" time="3.937" classname="APITests"/>
  <system-out/>
  <testcase name="test2" time="0.833" classname="APITests"/>
  <system-out/>
</testsuite> <!-- APITests -->
